420
C10001	727	2962.44	180	1	1	79.685	35.4331	MF-CAP-0603-1uF		C1
C1000f	727	4549.32	180	1	1	79.685	35.4331	MF-CAP-0603-1uF		C1
C1001d	1037.55	1395.82	-90	1	1	66.9291	19.685	MF-CAP-0402-0.1uF		C1
C10040	2090.69	1395.82	-90	1	1	66.9291	19.685	MF-CAP-0402-0.1uF		C1
C10063	3143.83	1395.82	-90	1	1	66.9291	19.685	MF-CAP-0402-0.1uF		C1
C10086	4196.97	1395.82	-90	1	1	66.9291	19.685	MF-CAP-0402-0.1uF		C1
C100a9	5250.11	1395.82	-90	1	1	66.9291	19.685	MF-CAP-0402-0.1uF		C1
C20002	832	3082.44	90	1	1	79.685	35.4331	MF-CAP-0603-1uF		C2
C20010	832	4669.32	90	1	1	79.685	35.4331	MF-CAP-0603-1uF		C2
C2001e	1088.73	746.213	90	1	1	66.9291	19.685	MF-CAP-0402-4.7nF		C2
C20041	2141.87	746.213	90	1	1	66.9291	19.685	MF-CAP-0402-4.7nF		C2
C20064	3195.01	746.213	90	1	1	66.9291	19.685	MF-CAP-0402-4.7nF		C2
C20087	4248.15	746.213	90	1	1	66.9291	19.685	MF-CAP-0402-4.7nF		C2
C200aa	5301.29	746.213	90	1	1	66.9291	19.685	MF-CAP-0402-4.7nF		C2
D10003	772	3157.44	90	1	1	79.685	35.4331	MF-LED-0603-RED		D1
D10011	772	4744.32	90	1	1	79.685	35.4331	MF-LED-0603-RED		D1
D1001f	1167.47	1513.93	180	1	1	90.5512	31.4961	MF-LED-0603-RED		D1
D10042	2220.61	1513.93	180	1	1	90.5512	31.4961	MF-LED-0603-RED		D1
D10065	3273.75	1513.93	180	1	1	90.5512	31.4961	MF-LED-0603-RED		D1
D10088	4326.89	1513.93	180	1	1	90.5512	31.4961	MF-LED-0603-RED		D1
D100ab	5380.03	1513.93	180	1	1	90.5512	31.4961	MF-LED-0603-RED		D1
D20004	772	3882.44	90	1	1	79.685	35.4331	MF-LED-0603-RED		D2
D20012	772	5469.32	90	1	1	79.685	35.4331	MF-LED-0603-RED		D2
D20020	793.457	1332.83	90	1	1	90.5512	31.4961	MF-LED-0603-RED		D2
D20043	1846.6	1332.83	90	1	1	90.5512	31.4961	MF-LED-0603-RED		D2
D20066	2899.74	1332.83	90	1	1	90.5512	31.4961	MF-LED-0603-RED		D2
D20089	3952.88	1332.83	90	1	1	90.5512	31.4961	MF-LED-0603-RED		D2
D200ac	5006.02	1332.83	90	1	1	90.5512	31.4961	MF-LED-0603-RED		D2
D30021	1167.47	1643.85	180	1	1	90.5512	31.4961	MF-LED-0603-RED		D3
D30044	2220.61	1643.85	180	1	1	90.5512	31.4961	MF-LED-0603-RED		D3
D30067	3273.75	1643.85	180	1	1	90.5512	31.4961	MF-LED-0603-RED		D3
D3008a	4326.89	1643.85	180	1	1	90.5512	31.4961	MF-LED-0603-RED		D3
D300ad	5380.03	1643.85	180	1	1	90.5512	31.4961	MF-LED-0603-RED		D3
D40022	793.457	1002.12	90	1	1	90.5512	31.4961	MF-LED-0603-RED		D4
D40045	1846.6	1002.12	90	1	1	90.5512	31.4961	MF-LED-0603-RED		D4
D40068	2899.74	1002.12	90	1	1	90.5512	31.4961	MF-LED-0603-RED		D4
D4008b	3952.88	1002.12	90	1	1	90.5512	31.4961	MF-LED-0603-RED		D4
D400ae	5006.02	1002.12	90	1	1	90.5512	31.4961	MF-LED-0603-RED		D4
D50023	525.74	1439.13	-90	1	1	90.5512	31.4961	MF-LED-0603-GREEN		D5
D50046	1578.88	1439.13	-90	1	1	90.5512	31.4961	MF-LED-0603-GREEN		D5
D50069	2632.02	1439.13	-90	1	1	90.5512	31.4961	MF-LED-0603-GREEN		D5
D5008c	3685.16	1439.13	-90	1	1	90.5512	31.4961	MF-LED-0603-GREEN		D5
D500af	4738.3	1439.13	-90	1	1	90.5512	31.4961	MF-LED-0603-GREEN		D5
J10005	577	3432.44	180	1	1	168.898	968.898	SFH11-PBPC-D10-RA-BK		J1
J10013	577	5019.32	180	1	1	168.898	968.898	SFH11-PBPC-D10-RA-BK		J1
J20006	1102	3750.87	270	1	1	479.921	240.157	20021121-00020C4LF		J2
J20014	1102	5337.75	270	1	1	479.921	240.157	20021121-00020C4LF		J2
J30007	1452	3682.44	0	1	1	168	468	826656-5		J3
J30015	1452	5269.32	0	1	1	168	468	826656-5		J3
J40008	1807	3550.87	0	1	1	229.921	240.157	M50-3600542		J4
J40016	1807	5137.75	0	1	1	229.921	240.157	M50-3600542		J4
J50009	1127	3157.44	180	1	1	168	468	826656-5		J5
J50017	1127	4744.32	180	1	1	168	468	826656-5		J5
J6000a	1797	3107.44	180	1	1	168	268	MF-CON-2.54mm-2x3		J6
J60018	1797	4694.32	180	1	1	168	268	MF-CON-2.54mm-2x3		J6
P20024	557.236	1998.18	90	1	1	239.37	89.3701	3220-10-0100-00		P2
P20047	1610.38	1998.18	90	1	1	239.37	89.3701	3220-10-0100-00		P2
P2006a	2663.52	1998.18	90	1	1	239.37	89.3701	3220-10-0100-00		P2
P2008d	3716.66	1998.18	90	1	1	239.37	89.3701	3220-10-0100-00		P2
P200b0	4769.8	1998.18	90	1	1	239.37	89.3701	3220-10-0100-00		P2
P40025	1139.91	1974.56	270	1	1	330.709	35.4331	0530480710		P4
P40048	2193.05	1974.56	270	1	1	330.709	35.4331	0530480710		P4
P4006b	3246.19	1974.56	270	1	1	330.709	35.4331	0530480710		P4
P4008e	4299.33	1974.56	270	1	1	330.709	35.4331	0530480710		P4
P400b1	5352.47	1974.56	270	1	1	330.709	35.4331	0530480710		P4
Q10026	1002.12	1513.93	360	1	1	106.299	122.047	MF-DSC-SOT233-BSS84		Q1
Q10049	2055.26	1513.93	360	1	1	106.299	122.047	MF-DSC-SOT233-BSS84		Q1
Q1006c	3108.4	1513.93	360	1	1	106.299	122.047	MF-DSC-SOT233-BSS84		Q1
Q1008f	4161.54	1513.93	360	1	1	106.299	122.047	MF-DSC-SOT233-BSS84		Q1
Q100b2	5214.68	1513.93	360	1	1	106.299	122.047	MF-DSC-SOT233-BSS84		Q1
Q20027	722.591	1234.4	360	1	1	106.299	122.047	MF-DSC-SOT233-BSS84		Q2
Q2004a	1775.73	1234.4	360	1	1	106.299	122.047	MF-DSC-SOT233-BSS84		Q2
Q2006d	2828.87	1234.4	360	1	1	106.299	122.047	MF-DSC-SOT233-BSS84		Q2
Q20090	3882.01	1234.4	360	1	1	106.299	122.047	MF-DSC-SOT233-BSS84		Q2
Q200b3	4935.15	1234.4	360	1	1	106.299	122.047	MF-DSC-SOT233-BSS84		Q2
Q30028	1002.12	1643.85	360	1	1	106.299	122.047	MF-DSC-SOT233-BSS84		Q3
Q3004b	2055.26	1643.85	360	1	1	106.299	122.047	MF-DSC-SOT233-BSS84		Q3
Q3006e	3108.4	1643.85	360	1	1	106.299	122.047	MF-DSC-SOT233-BSS84		Q3
Q30091	4161.54	1643.85	360	1	1	106.299	122.047	MF-DSC-SOT233-BSS84		Q3
Q300b4	5214.68	1643.85	360	1	1	106.299	122.047	MF-DSC-SOT233-BSS84		Q3
Q40029	722.591	1100.54	360	1	1	106.299	122.047	MF-DSC-SOT233-BSS84		Q4
Q4004c	1775.73	1100.54	360	1	1	106.299	122.047	MF-DSC-SOT233-BSS84		Q4
Q4006f	2828.87	1100.54	360	1	1	106.299	122.047	MF-DSC-SOT233-BSS84		Q4
Q40092	3882.01	1100.54	360	1	1	106.299	122.047	MF-DSC-SOT233-BSS84		Q4
Q400b5	4935.15	1100.54	360	1	1	106.299	122.047	MF-DSC-SOT233-BSS84		Q4
R10002b	620.228	1100.54	0	1	1	78.7402	35.4331	MF-RES-0603-1M		R10
R10004e	1673.37	1100.54	0	1	1	78.7402	35.4331	MF-RES-0603-1M		R10
R100071	2726.51	1100.54	0	1	1	78.7402	35.4331	MF-RES-0603-1M		R10
R100094	3779.65	1100.54	0	1	1	78.7402	35.4331	MF-RES-0603-1M		R10
R1000b	927	3177.44	0	1	1	79.685	35.4331	MF-RES-0603-1K		R1
R1000b7	4832.79	1100.54	0	1	1	78.7402	35.4331	MF-RES-0603-1M		R10
R10019	927	4764.32	0	1	1	79.685	35.4331	MF-RES-0603-1K		R1
R1002a	899.756	1513.93	180	1	1	78.7402	35.4331	MF-RES-0603-1M		R1
R1004d	1952.9	1513.93	180	1	1	78.7402	35.4331	MF-RES-0603-1M		R1
R10070	3006.04	1513.93	180	1	1	78.7402	35.4331	MF-RES-0603-1M		R1
R10093	4059.18	1513.93	180	1	1	78.7402	35.4331	MF-RES-0603-1M		R1
R100b6	5112.32	1513.93	180	1	1	78.7402	35.4331	MF-RES-0603-1M		R1
R11002c	824.953	1100.54	180	1	1	78.7402	35.4331	MF-RES-0603-220		R11
R11004f	1878.09	1100.54	180	1	1	78.7402	35.4331	MF-RES-0603-220		R11
R110072	2931.23	1100.54	180	1	1	78.7402	35.4331	MF-RES-0603-220		R11
R110095	3984.37	1100.54	180	1	1	78.7402	35.4331	MF-RES-0603-220		R11
R1100b8	5037.51	1100.54	180	1	1	78.7402	35.4331	MF-RES-0603-220		R11
R13002d	1037.55	1919.44	-90	1	1	78.7402	35.4331	MF-RES-0603-220		R13
R130050	2090.69	1919.44	-90	1	1	78.7402	35.4331	MF-RES-0603-220		R13
R130073	3143.83	1919.44	-90	1	1	78.7402	35.4331	MF-RES-0603-220		R13
R130096	4196.97	1919.44	-90	1	1	78.7402	35.4331	MF-RES-0603-220		R13
R1300b9	5250.11	1919.44	-90	1	1	78.7402	35.4331	MF-RES-0603-220		R13
R14002e	1037.55	1982.43	90	1	1	78.7402	35.4331	MF-RES-0603-220		R14
R140051	2090.69	1982.43	90	1	1	78.7402	35.4331	MF-RES-0603-220		R14
R140074	3143.83	1982.43	90	1	1	78.7402	35.4331	MF-RES-0603-220		R14
R140097	4196.97	1982.43	90	1	1	78.7402	35.4331	MF-RES-0603-220		R14
R1400ba	5250.11	1982.43	90	1	1	78.7402	35.4331	MF-RES-0603-220		R14
R15002f	1037.55	1856.45	90	1	1	78.7402	35.4331	MF-RES-0603-220		R15
R150052	2090.69	1856.45	90	1	1	78.7402	35.4331	MF-RES-0603-220		R15
R150075	3143.83	1856.45	90	1	1	78.7402	35.4331	MF-RES-0603-220		R15
R150098	4196.97	1856.45	90	1	1	78.7402	35.4331	MF-RES-0603-220		R15
R1500bb	5250.11	1856.45	90	1	1	78.7402	35.4331	MF-RES-0603-220		R15
R160030	1234.4	2250.15	180	1	1	78.7402	35.4331	MF-RES-0603-220		R16
R160053	2287.54	2250.15	180	1	1	78.7402	35.4331	MF-RES-0603-220		R16
R160076	3340.68	2250.15	180	1	1	78.7402	35.4331	MF-RES-0603-220		R16
R160099	4393.82	2250.15	180	1	1	78.7402	35.4331	MF-RES-0603-220		R16
R1600bc	5446.96	2250.15	180	1	1	78.7402	35.4331	MF-RES-0603-220		R16
R170031	525.74	1376.13	90	1	1	78.7402	35.4331	MF-RES-0603-220		R17
R170054	1578.88	1376.13	90	1	1	78.7402	35.4331	MF-RES-0603-220		R17
R170077	2632.02	1376.13	90	1	1	78.7402	35.4331	MF-RES-0603-220		R17
R17009a	3685.16	1376.13	90	1	1	78.7402	35.4331	MF-RES-0603-220		R17
R1700bd	4738.3	1376.13	90	1	1	78.7402	35.4331	MF-RES-0603-220		R17
R180032	1088.73	801.331	90	1	1	78.7402	35.4331	MF-RES-0603-60.4		R18
R180055	2141.87	801.331	90	1	1	78.7402	35.4331	MF-RES-0603-60.4		R18
R180078	3195.01	801.331	90	1	1	78.7402	35.4331	MF-RES-0603-60.4		R18
R18009b	4248.15	801.331	90	1	1	78.7402	35.4331	MF-RES-0603-60.4		R18
R1800be	5301.29	801.331	90	1	1	78.7402	35.4331	MF-RES-0603-60.4		R18
R190033	986.37	801.331	90	1	1	78.7402	35.4331	MF-RES-0603-60.4		R19
R190056	2039.51	801.331	90	1	1	78.7402	35.4331	MF-RES-0603-60.4		R19
R190079	3092.65	801.331	90	1	1	78.7402	35.4331	MF-RES-0603-60.4		R19
R19009c	4145.79	801.331	90	1	1	78.7402	35.4331	MF-RES-0603-60.4		R19
R1900bf	5198.93	801.331	90	1	1	78.7402	35.4331	MF-RES-0603-60.4		R19
R200035	1037.55	1793.46	90	1	1	78.7402	35.4331	MF-RES-0603-0		R20
R200058	2090.69	1793.46	90	1	1	78.7402	35.4331	MF-RES-0603-0		R20
R20007b	3143.83	1793.46	90	1	1	78.7402	35.4331	MF-RES-0603-0		R20
R20009e	4196.97	1793.46	90	1	1	78.7402	35.4331	MF-RES-0603-0		R20
R2000c	877	3852.44	0	1	1	79.685	35.4331	MF-RES-0603-470		R2
R2000c1	5250.11	1793.46	90	1	1	78.7402	35.4331	MF-RES-0603-0		R20
R2001a	877	5439.32	0	1	1	79.685	35.4331	MF-RES-0603-470		R2
R20034	1104.48	1513.93	0	1	1	78.7402	35.4331	MF-RES-0603-220		R2
R20057	2157.62	1513.93	0	1	1	78.7402	35.4331	MF-RES-0603-220		R2
R2007a	3210.76	1513.93	0	1	1	78.7402	35.4331	MF-RES-0603-220		R2
R2009d	4263.9	1513.93	0	1	1	78.7402	35.4331	MF-RES-0603-220		R2
R200c0	5317.04	1513.93	0	1	1	78.7402	35.4331	MF-RES-0603-220		R2
R210036	1116.29	2250.15	180	1	1	78.7402	35.4331	MF-RES-0603-220		R21
R210059	2169.43	2250.15	180	1	1	78.7402	35.4331	MF-RES-0603-220		R21
R21007c	3222.57	2250.15	180	1	1	78.7402	35.4331	MF-RES-0603-220		R21
R21009f	4275.71	2250.15	180	1	1	78.7402	35.4331	MF-RES-0603-220		R21
R2100c2	5328.85	2250.15	180	1	1	78.7402	35.4331	MF-RES-0603-220		R21
R220037	998.181	2250.15	180	1	1	78.7402	35.4331	MF-RES-0603-220		R22
R22005a	2051.32	2250.15	180	1	1	78.7402	35.4331	MF-RES-0603-220		R22
R22007d	3104.46	2250.15	180	1	1	78.7402	35.4331	MF-RES-0603-220		R22
R2200a0	4157.6	2250.15	180	1	1	78.7402	35.4331	MF-RES-0603-220		R22
R2200c3	5210.74	2250.15	180	1	1	78.7402	35.4331	MF-RES-0603-220		R22
R30038	620.228	1234.4	0	1	1	78.7402	35.4331	MF-RES-0603-1M		R3
R3005b	1673.37	1234.4	0	1	1	78.7402	35.4331	MF-RES-0603-1M		R3
R3007e	2726.51	1234.4	0	1	1	78.7402	35.4331	MF-RES-0603-1M		R3
R300a1	3779.65	1234.4	0	1	1	78.7402	35.4331	MF-RES-0603-1M		R3
R300c4	4832.79	1234.4	0	1	1	78.7402	35.4331	MF-RES-0603-1M		R3
R40039	824.953	1234.4	0	1	1	78.7402	35.4331	MF-RES-0603-220		R4
R4005c	1878.09	1234.4	0	1	1	78.7402	35.4331	MF-RES-0603-220		R4
R4007f	2931.23	1234.4	0	1	1	78.7402	35.4331	MF-RES-0603-220		R4
R400a2	3984.37	1234.4	0	1	1	78.7402	35.4331	MF-RES-0603-220		R4
R400c5	5037.51	1234.4	0	1	1	78.7402	35.4331	MF-RES-0603-220		R4
R5003a	565.11	1549.36	90	1	1	78.7402	35.4331	MF-RES-0603-1K		R5
R5005d	1618.25	1549.36	90	1	1	78.7402	35.4331	MF-RES-0603-1K		R5
R50080	2671.39	1549.36	90	1	1	78.7402	35.4331	MF-RES-0603-1K		R5
R500a3	3724.53	1549.36	90	1	1	78.7402	35.4331	MF-RES-0603-1K		R5
R500c6	4777.67	1549.36	90	1	1	78.7402	35.4331	MF-RES-0603-1K		R5
R6003b	1037.55	2053.3	90	1	1	78.7402	35.4331	MF-RES-0603-220		R6
R6005e	2090.69	2053.3	90	1	1	78.7402	35.4331	MF-RES-0603-220		R6
R60081	3143.83	2053.3	90	1	1	78.7402	35.4331	MF-RES-0603-220		R6
R600a4	4196.97	2053.3	90	1	1	78.7402	35.4331	MF-RES-0603-220		R6
R600c7	5250.11	2053.3	90	1	1	78.7402	35.4331	MF-RES-0603-220		R6
R7003c	1037.55	2116.29	-90	1	1	78.7402	35.4331	MF-RES-0603-220		R7
R7005f	2090.69	2116.29	-90	1	1	78.7402	35.4331	MF-RES-0603-220		R7
R70082	3143.83	2116.29	-90	1	1	78.7402	35.4331	MF-RES-0603-220		R7
R700a5	4196.97	2116.29	-90	1	1	78.7402	35.4331	MF-RES-0603-220		R7
R700c8	5250.11	2116.29	-90	1	1	78.7402	35.4331	MF-RES-0603-220		R7
R8003d	899.756	1643.85	180	1	1	78.7402	35.4331	MF-RES-0603-1M		R8
R80060	1952.9	1643.85	180	1	1	78.7402	35.4331	MF-RES-0603-1M		R8
R80083	3006.04	1643.85	180	1	1	78.7402	35.4331	MF-RES-0603-1M		R8
R800a6	4059.18	1643.85	180	1	1	78.7402	35.4331	MF-RES-0603-1M		R8
R800c9	5112.32	1643.85	180	1	1	78.7402	35.4331	MF-RES-0603-1M		R8
R9003e	1104.48	1643.85	0	1	1	78.7402	35.4331	MF-RES-0603-220		R9
R90061	2157.62	1643.85	0	1	1	78.7402	35.4331	MF-RES-0603-220		R9
R90084	3210.76	1643.85	0	1	1	78.7402	35.4331	MF-RES-0603-220		R9
R900a7	4263.9	1643.85	0	1	1	78.7402	35.4331	MF-RES-0603-220		R9
R900ca	5317.04	1643.85	0	1	1	78.7402	35.4331	MF-RES-0603-220		R9
SW1000d	1802	4032.44	180	1	1	381.89	60	OS102011MA1QS1		SW1
SW1001b	1802	5619.32	180	1	1	381.89	60	OS102011MA1QS1		SW1
SW1003f	817.079	1950.94	270	1	1	374.016	228.346	MF-SW-TACT-6MM		SW1
SW10062	1870.22	1950.94	270	1	1	374.016	228.346	MF-SW-TACT-6MM		SW1
SW10085	2923.36	1950.94	270	1	1	374.016	228.346	MF-SW-TACT-6MM		SW1
SW100a8	3976.5	1950.94	270	1	1	374.016	228.346	MF-SW-TACT-6MM		SW1
SW100cb	5029.64	1950.94	270	1	1	374.016	228.346	MF-SW-TACT-6MM		SW1
U1000e	851.213	2982.44	0	1	1	149.606	96.4567	MF-REG-SOT235-3.3V-300mA		U1
U1001c	851.213	4569.32	0	1	1	149.606	96.4567	MF-REG-SOT235-3.3V-300mA		U1
FID1	130	6005	0	1	1	40	40	FID	FID
FID2	11880	1005	0	1	1	40	40	FID	FID
FID3	11880	11005	0	1	1	40	40	FID	FID
FID1	130	6005	0	2	1	40	40	FID	FID
FID2	11880	1005	0	2	1	40	40	FID	FID
FID3	11880	11005	0	2	1	40	40	FID	FID